{"date":"2019-05-24T07:33:49.406Z","ip":"::1","method":"GET","url":"/","status":"304","length":"-","time":"86.291"}
{"date":"2019-05-24T07:33:49.434Z","ip":"::1","method":"GET","url":"/assets/vendors/custom/fullcalendar/fullcalendar.bundle.css","status":"304","length":"-","time":"3.666"}
{"date":"2019-05-24T07:33:49.506Z","ip":"::1","method":"GET","url":"/assets/vendors/general/perfect-scrollbar/css/perfect-scrollbar.css","status":"304","length":"-","time":"0.632"}
{"date":"2019-05-24T07:33:49.512Z","ip":"::1","method":"GET","url":"/assets/vendors/general/tether/dist/css/tether.css","status":"304","length":"-","time":"0.921"}
{"date":"2019-05-24T07:33:49.517Z","ip":"::1","method":"GET","url":"/assets/vendors/general/bootstrap-datepicker/dist/css/bootstrap-datepicker3.css","status":"304","length":"-","time":"0.601"}
{"date":"2019-05-24T07:33:49.519Z","ip":"::1","method":"GET","url":"/assets/vendors/general/bootstrap-datetime-picker/css/bootstrap-datetimepicker.css","status":"304","length":"-","time":"0.590"}
{"date":"2019-05-24T07:33:49.527Z","ip":"::1","method":"GET","url":"/assets/vendors/general/bootstrap-timepicker/css/bootstrap-timepicker.css","status":"304","length":"-","time":"0.501"}
{"date":"2019-05-24T07:33:49.530Z","ip":"::1","method":"GET","url":"/assets/vendors/general/bootstrap-daterangepicker/daterangepicker.css","status":"304","length":"-","time":"0.538"}
{"date":"2019-05-24T07:33:49.535Z","ip":"::1","method":"GET","url":"/assets/vendors/general/bootstrap-touchspin/dist/jquery.bootstrap-touchspin.css","status":"304","length":"-","time":"0.567"}
{"date":"2019-05-24T07:33:49.537Z","ip":"::1","method":"GET","url":"/assets/vendors/general/bootstrap-select/dist/css/bootstrap-select.css","status":"304","length":"-","time":"0.515"}
{"date":"2019-05-24T07:33:49.539Z","ip":"::1","method":"GET","url":"/assets/vendors/general/nouislider/distribute/nouislider.css","status":"304","length":"-","time":"0.495"}
{"date":"2019-05-24T07:33:49.541Z","ip":"::1","method":"GET","url":"/assets/vendors/general/owl.carousel/dist/assets/owl.carousel.css","status":"304","length":"-","time":"0.567"}
{"date":"2019-05-24T07:33:49.545Z","ip":"::1","method":"GET","url":"/assets/vendors/general/owl.carousel/dist/assets/owl.theme.default.css","status":"304","length":"-","time":"1.568"}
{"date":"2019-05-24T07:33:49.549Z","ip":"::1","method":"GET","url":"/assets/vendors/general/dropzone/dist/dropzone.css","status":"304","length":"-","time":"0.768"}
{"date":"2019-05-24T07:33:49.552Z","ip":"::1","method":"GET","url":"/assets/vendors/general/summernote/dist/summernote.css","status":"304","length":"-","time":"0.613"}
{"date":"2019-05-24T07:33:49.555Z","ip":"::1","method":"GET","url":"/assets/vendors/general/bootstrap-markdown/css/bootstrap-markdown.min.css","status":"304","length":"-","time":"0.608"}
{"date":"2019-05-24T07:33:49.556Z","ip":"::1","method":"GET","url":"/assets/vendors/general/animate.css/animate.css","status":"304","length":"-","time":"0.563"}
{"date":"2019-05-24T07:33:49.559Z","ip":"::1","method":"GET","url":"/assets/vendors/general/toastr/build/toastr.css","status":"304","length":"-","time":"0.641"}
{"date":"2019-05-24T07:33:49.563Z","ip":"::1","method":"GET","url":"/assets/vendors/general/morris.js/morris.css","status":"304","length":"-","time":"0.724"}
{"date":"2019-05-24T07:33:49.568Z","ip":"::1","method":"GET","url":"/assets/vendors/general/sweetalert2/dist/sweetalert2.css","status":"304","length":"-","time":"0.671"}
{"date":"2019-05-24T07:33:49.570Z","ip":"::1","method":"GET","url":"/assets/vendors/general/socicon/css/socicon.css","status":"304","length":"-","time":"0.528"}
{"date":"2019-05-24T07:33:49.571Z","ip":"::1","method":"GET","url":"/assets/vendors/general/almightree/almightree.css","status":"304","length":"-","time":"0.473"}
{"date":"2019-05-24T07:33:49.578Z","ip":"::1","method":"GET","url":"/assets/vendors/custom/vendors/line-awesome/css/line-awesome.css","status":"304","length":"-","time":"2.956"}
{"date":"2019-05-24T07:33:49.584Z","ip":"::1","method":"GET","url":"/assets/vendors/custom/vendors/flaticon/flaticon.css","status":"304","length":"-","time":"0.876"}
{"date":"2019-05-24T07:33:49.589Z","ip":"::1","method":"GET","url":"/assets/vendors/custom/vendors/flaticon2/flaticon.css","status":"304","length":"-","time":"0.679"}
{"date":"2019-05-24T07:33:49.591Z","ip":"::1","method":"GET","url":"/assets/vendors/custom/vendors/fontawesome5/css/all.min.css","status":"304","length":"-","time":"0.510"}
{"date":"2019-05-24T07:33:49.603Z","ip":"::1","method":"GET","url":"/assets/vendors/custom/datatables/datatables.bundle.css","status":"304","length":"-","time":"0.613"}
{"date":"2019-05-24T07:33:49.607Z","ip":"::1","method":"GET","url":"/assets/demo/demo5/base/style.bundle.css","status":"304","length":"-","time":"0.749"}
{"date":"2019-05-24T07:33:49.608Z","ip":"::1","method":"GET","url":"/assets/demo/demo5/skins/header/navy.css","status":"304","length":"-","time":"0.666"}
{"date":"2019-05-24T07:33:49.618Z","ip":"::1","method":"GET","url":"/assets/vendors/general/jquery/dist/jquery.js","status":"304","length":"-","time":"0.870"}
{"date":"2019-05-24T07:33:49.621Z","ip":"::1","method":"GET","url":"/assets/vendors/general/popper.js/dist/umd/popper.js","status":"304","length":"-","time":"0.470"}
{"date":"2019-05-24T07:33:49.632Z","ip":"::1","method":"GET","url":"/assets/vendors/general/bootstrap/dist/js/bootstrap.min.js","status":"304","length":"-","time":"0.540"}
{"date":"2019-05-24T07:33:49.635Z","ip":"::1","method":"GET","url":"/assets/vendors/general/js-cookie/src/js.cookie.js","status":"304","length":"-","time":"0.407"}
{"date":"2019-05-24T07:33:49.639Z","ip":"::1","method":"GET","url":"/assets/vendors/general/moment/min/moment.min.js","status":"304","length":"-","time":"0.381"}
{"date":"2019-05-24T07:33:49.642Z","ip":"::1","method":"GET","url":"/assets/vendors/general/tooltip.js/dist/umd/tooltip.min.js","status":"304","length":"-","time":"0.572"}
{"date":"2019-05-24T07:33:49.644Z","ip":"::1","method":"GET","url":"/assets/vendors/general/perfect-scrollbar/dist/perfect-scrollbar.js","status":"304","length":"-","time":"0.653"}
{"date":"2019-05-24T07:33:49.673Z","ip":"::1","method":"GET","url":"/assets/vendors/general/sticky-js/dist/sticky.min.js","status":"304","length":"-","time":"0.536"}
{"date":"2019-05-24T07:33:49.674Z","ip":"::1","method":"GET","url":"/assets/vendors/general/wnumb/wNumb.js","status":"304","length":"-","time":"0.507"}
{"date":"2019-05-24T07:33:49.681Z","ip":"::1","method":"GET","url":"/assets/vendors/general/jquery-form/dist/jquery.form.min.js","status":"304","length":"-","time":"1.194"}
{"date":"2019-05-24T07:33:49.683Z","ip":"::1","method":"GET","url":"/assets/vendors/general/block-ui/jquery.blockUI.js","status":"304","length":"-","time":"0.360"}
{"date":"2019-05-24T07:33:49.689Z","ip":"::1","method":"GET","url":"/assets/vendors/general/bootstrap-datepicker/dist/js/bootstrap-datepicker.min.js","status":"304","length":"-","time":"0.487"}
{"date":"2019-05-24T07:33:49.696Z","ip":"::1","method":"GET","url":"/assets/vendors/custom/components/vendors/bootstrap-datepicker/init.js","status":"304","length":"-","time":"0.518"}
{"date":"2019-05-24T07:33:49.698Z","ip":"::1","method":"GET","url":"/assets/vendors/general/bootstrap-datetime-picker/js/bootstrap-datetimepicker.min.js","status":"304","length":"-","time":"0.457"}
{"date":"2019-05-24T07:33:49.719Z","ip":"::1","method":"GET","url":"/assets/vendors/general/bootstrap-timepicker/js/bootstrap-timepicker.min.js","status":"304","length":"-","time":"0.524"}
{"date":"2019-05-24T07:33:49.722Z","ip":"::1","method":"GET","url":"/assets/vendors/custom/components/vendors/bootstrap-timepicker/init.js","status":"304","length":"-","time":"0.461"}
{"date":"2019-05-24T07:33:49.723Z","ip":"::1","method":"GET","url":"/assets/vendors/general/bootstrap-daterangepicker/daterangepicker.js","status":"304","length":"-","time":"0.415"}
{"date":"2019-05-24T07:33:49.727Z","ip":"::1","method":"GET","url":"/assets/vendors/general/bootstrap-touchspin/dist/jquery.bootstrap-touchspin.js","status":"304","length":"-","time":"0.742"}
{"date":"2019-05-24T07:33:49.734Z","ip":"::1","method":"GET","url":"/assets/vendors/general/bootstrap-maxlength/src/bootstrap-maxlength.js","status":"304","length":"-","time":"0.458"}
{"date":"2019-05-24T07:33:49.738Z","ip":"::1","method":"GET","url":"/assets/vendors/custom/vendors/bootstrap-multiselectsplitter/bootstrap-multiselectsplitter.min.js","status":"304","length":"-","time":"0.540"}
{"date":"2019-05-24T07:33:49.741Z","ip":"::1","method":"GET","url":"/assets/vendors/general/bootstrap-select/dist/js/bootstrap-select.js","status":"304","length":"-","time":"0.505"}
{"date":"2019-05-24T07:33:49.744Z","ip":"::1","method":"GET","url":"/assets/vendors/general/typeahead.js/dist/typeahead.bundle.js","status":"304","length":"-","time":"1.583"}
{"date":"2019-05-24T07:33:49.755Z","ip":"::1","method":"GET","url":"/assets/vendors/general/handlebars/dist/handlebars.js","status":"304","length":"-","time":"0.375"}
{"date":"2019-05-24T07:33:49.760Z","ip":"::1","method":"GET","url":"/assets/vendors/general/inputmask/dist/jquery.inputmask.bundle.js","status":"304","length":"-","time":"0.933"}
{"date":"2019-05-24T07:33:49.765Z","ip":"::1","method":"GET","url":"/assets/vendors/general/inputmask/dist/inputmask/inputmask.date.extensions.js","status":"304","length":"-","time":"0.470"}
{"date":"2019-05-24T07:33:49.779Z","ip":"::1","method":"GET","url":"/assets/vendors/general/inputmask/dist/inputmask/inputmask.numeric.extensions.js","status":"304","length":"-","time":"1.021"}
{"date":"2019-05-24T07:33:49.779Z","ip":"::1","method":"GET","url":"/assets/vendors/general/inputmask/dist/inputmask/inputmask.phone.extensions.js","status":"304","length":"-","time":"0.781"}
{"date":"2019-05-24T07:33:49.785Z","ip":"::1","method":"GET","url":"/assets/vendors/general/nouislider/distribute/nouislider.js","status":"304","length":"-","time":"0.401"}
{"date":"2019-05-24T07:33:49.788Z","ip":"::1","method":"GET","url":"/assets/vendors/general/owl.carousel/dist/owl.carousel.js","status":"304","length":"-","time":"0.438"}
{"date":"2019-05-24T07:33:49.791Z","ip":"::1","method":"GET","url":"/assets/vendors/general/autosize/dist/autosize.js","status":"304","length":"-","time":"0.414"}
{"date":"2019-05-24T07:33:49.803Z","ip":"::1","method":"GET","url":"/assets/vendors/general/clipboard/dist/clipboard.min.js","status":"304","length":"-","time":"5.250"}
{"date":"2019-05-24T07:33:49.803Z","ip":"::1","method":"GET","url":"/assets/vendors/general/dropzone/dist/dropzone.js","status":"304","length":"-","time":"0.853"}
{"date":"2019-05-24T07:33:49.804Z","ip":"::1","method":"GET","url":"/assets/vendors/general/summernote/dist/summernote.js","status":"304","length":"-","time":"0.718"}
{"date":"2019-05-24T07:33:49.812Z","ip":"::1","method":"GET","url":"/assets/vendors/general/markdown/lib/markdown.js","status":"304","length":"-","time":"0.394"}
{"date":"2019-05-24T07:33:49.819Z","ip":"::1","method":"GET","url":"/assets/vendors/general/bootstrap-markdown/js/bootstrap-markdown.js","status":"304","length":"-","time":"0.421"}
{"date":"2019-05-24T07:33:49.823Z","ip":"::1","method":"GET","url":"/assets/vendors/custom/components/vendors/bootstrap-markdown/init.js","status":"304","length":"-","time":"0.368"}
{"date":"2019-05-24T07:33:49.826Z","ip":"::1","method":"GET","url":"/assets/vendors/general/jquery-validation/dist/jquery.validate.js","status":"304","length":"-","time":"0.303"}
{"date":"2019-05-24T07:33:49.832Z","ip":"::1","method":"GET","url":"/assets/vendors/general/jquery-validation/dist/additional-methods.js","status":"304","length":"-","time":"0.543"}
{"date":"2019-05-24T07:33:49.836Z","ip":"::1","method":"GET","url":"/assets/vendors/custom/components/vendors/jquery-validation/init.js","status":"304","length":"-","time":"0.542"}
{"date":"2019-05-24T07:33:49.836Z","ip":"::1","method":"GET","url":"/assets/vendors/general/toastr/build/toastr.min.js","status":"304","length":"-","time":"0.481"}
{"date":"2019-05-24T07:33:49.839Z","ip":"::1","method":"GET","url":"/assets/vendors/general/raphael/raphael.js","status":"304","length":"-","time":"0.316"}
{"date":"2019-05-24T07:33:49.843Z","ip":"::1","method":"GET","url":"/assets/vendors/general/morris.js/morris.js","status":"304","length":"-","time":"0.661"}
{"date":"2019-05-24T07:33:49.848Z","ip":"::1","method":"GET","url":"/assets/vendors/general/chart.js/dist/Chart.bundle.js","status":"304","length":"-","time":"0.364"}
{"date":"2019-05-24T07:33:49.854Z","ip":"::1","method":"GET","url":"/assets/vendors/custom/vendors/bootstrap-session-timeout/dist/bootstrap-session-timeout.min.js","status":"304","length":"-","time":"0.386"}
{"date":"2019-05-24T07:33:49.857Z","ip":"::1","method":"GET","url":"/assets/vendors/custom/vendors/jquery-idletimer/idle-timer.min.js","status":"304","length":"-","time":"0.347"}
{"date":"2019-05-24T07:33:49.862Z","ip":"::1","method":"GET","url":"/assets/vendors/general/waypoints/lib/jquery.waypoints.js","status":"304","length":"-","time":"0.615"}
{"date":"2019-05-24T07:33:49.867Z","ip":"::1","method":"GET","url":"/assets/vendors/general/counterup/jquery.counterup.js","status":"304","length":"-","time":"0.295"}
{"date":"2019-05-24T07:33:49.871Z","ip":"::1","method":"GET","url":"/assets/vendors/general/es6-promise-polyfill/promise.min.js","status":"304","length":"-","time":"0.357"}
{"date":"2019-05-24T07:33:49.873Z","ip":"::1","method":"GET","url":"/assets/vendors/general/sweetalert2/dist/sweetalert2.min.js","status":"304","length":"-","time":"0.348"}
{"date":"2019-05-24T07:33:49.876Z","ip":"::1","method":"GET","url":"/assets/vendors/custom/components/vendors/sweetalert2/init.js","status":"304","length":"-","time":"0.363"}
{"date":"2019-05-24T07:33:49.885Z","ip":"::1","method":"GET","url":"/assets/vendors/general/jquery.repeater/src/lib.js","status":"304","length":"-","time":"0.482"}
{"date":"2019-05-24T07:33:49.886Z","ip":"::1","method":"GET","url":"/assets/vendors/general/jquery.repeater/src/jquery.input.js","status":"304","length":"-","time":"0.391"}
{"date":"2019-05-24T07:33:49.890Z","ip":"::1","method":"GET","url":"/assets/vendors/general/jquery.repeater/src/repeater.js","status":"304","length":"-","time":"0.376"}
{"date":"2019-05-24T07:33:49.893Z","ip":"::1","method":"GET","url":"/assets/vendors/general/dompurify/dist/purify.js","status":"304","length":"-","time":"0.990"}
{"date":"2019-05-24T07:33:49.903Z","ip":"::1","method":"GET","url":"/assets/vendors/general/jsonform/underscore.js","status":"304","length":"-","time":"0.424"}
{"date":"2019-05-24T07:33:49.904Z","ip":"::1","method":"GET","url":"/assets/vendors/general/jsonform/jsv.js","status":"304","length":"-","time":"0.348"}
{"date":"2019-05-24T07:33:49.907Z","ip":"::1","method":"GET","url":"/assets/vendors/general/jsonform/jsonform.js","status":"304","length":"-","time":"0.359"}
{"date":"2019-05-24T07:33:49.911Z","ip":"::1","method":"GET","url":"/assets/vendors/general/almightree/jquery.almightree.js","status":"304","length":"-","time":"0.446"}
{"date":"2019-05-24T07:33:49.918Z","ip":"::1","method":"GET","url":"/assets/vendors/custom/datatables/datatables.bundle.js","status":"304","length":"-","time":"0.298"}
{"date":"2019-05-24T07:33:49.928Z","ip":"::1","method":"GET","url":"/assets/demo/demo5/base/scripts.bundle.js","status":"304","length":"-","time":"0.504"}
{"date":"2019-05-24T07:33:49.928Z","ip":"::1","method":"GET","url":"/assets/vendors/custom/fullcalendar/fullcalendar.bundle.js","status":"304","length":"-","time":"0.461"}
{"date":"2019-05-24T07:33:49.952Z","ip":"::1","method":"GET","url":"/assets/app/scripts/custom/dashboard.js","status":"304","length":"-","time":"0.503"}
{"date":"2019-05-24T07:33:49.958Z","ip":"::1","method":"GET","url":"/assets/app/scripts/bundle/app.bundle.js","status":"304","length":"-","time":"0.375"}
{"date":"2019-05-24T07:33:49.962Z","ip":"::1","method":"GET","url":"/assets/media/logos/logo-1.png","status":"304","length":"-","time":"0.605"}
{"date":"2019-05-24T07:33:49.965Z","ip":"::1","method":"GET","url":"/assets/media/files/doc.svg","status":"304","length":"-","time":"0.359"}
{"date":"2019-05-24T07:33:49.968Z","ip":"::1","method":"GET","url":"/assets/media/files/pdf.svg","status":"304","length":"-","time":"0.398"}
{"date":"2019-05-24T07:33:49.971Z","ip":"::1","method":"GET","url":"/assets/media/files/zip.svg","status":"304","length":"-","time":"0.321"}
{"date":"2019-05-24T07:33:49.980Z","ip":"::1","method":"GET","url":"/assets/media/files/xml.svg","status":"304","length":"-","time":"0.402"}
{"date":"2019-05-24T07:33:49.983Z","ip":"::1","method":"GET","url":"/assets/media/users/300_11.jpg","status":"304","length":"-","time":"0.339"}
{"date":"2019-05-24T07:33:49.989Z","ip":"::1","method":"GET","url":"/assets/media/users/300_16.jpg","status":"304","length":"-","time":"0.352"}
{"date":"2019-05-24T07:33:49.993Z","ip":"::1","method":"GET","url":"/assets/media/users/300_22.jpg","status":"304","length":"-","time":"0.412"}
{"date":"2019-05-24T07:33:49.997Z","ip":"::1","method":"GET","url":"/assets/media/users/300_5.jpg","status":"304","length":"-","time":"0.322"}
{"date":"2019-05-24T07:33:50.003Z","ip":"::1","method":"GET","url":"/assets/media/users/300_21.jpg","status":"304","length":"-","time":"0.384"}
{"date":"2019-05-24T07:33:50.007Z","ip":"::1","method":"GET","url":"/assets/media/product-logos/logo1.png","status":"304","length":"-","time":"0.320"}
{"date":"2019-05-24T07:33:50.012Z","ip":"::1","method":"GET","url":"/assets/media/product-logos/logo2.png","status":"304","length":"-","time":"0.439"}
{"date":"2019-05-24T07:33:50.013Z","ip":"::1","method":"GET","url":"/assets/media/product-logos/logo3.png","status":"304","length":"-","time":"0.391"}
{"date":"2019-05-24T07:33:50.623Z","ip":"::1","method":"GET","url":"/assets/vendors/custom/vendors/fontawesome5/webfonts/fa-solid-900.woff2","status":"304","length":"-","time":"0.445"}
{"date":"2019-05-24T07:33:52.042Z","ip":"::1","method":"GET","url":"/assets/vendors/custom/vendors/flaticon2/font/Flaticon2.woff","status":"304","length":"-","time":"0.781"}
{"date":"2019-05-24T07:33:52.048Z","ip":"::1","method":"GET","url":"/assets/vendors/custom/vendors/line-awesome/fonts/line-awesome.woff2?v=1.1.","status":"304","length":"-","time":"0.580"}
{"date":"2019-05-24T07:33:52.050Z","ip":"::1","method":"GET","url":"/assets/vendors/custom/vendors/flaticon/font/Flaticon.woff","status":"304","length":"-","time":"0.441"}
{"date":"2019-05-24T07:34:01.083Z","ip":"::1","method":"GET","url":"/ihm/worker/lister","status":"304","length":"-","time":"28.407"}
{"date":"2019-05-24T07:34:01.206Z","ip":"::1","method":"GET","url":"/ihm/worker/lister/tableau?draw=1&columns%5B0%5D%5Bdata%5D=id&columns%5B0%5D%5Bname%5D=&columns%5B0%5D%5Bsearchable%5D=true&columns%5B0%5D%5Borderable%5D=true&columns%5B0%5D%5Bsearch%5D%5Bvalue%5D=&columns%5B0%5D%5Bsearch%5D%5Bregex%5D=false&columns%5B1%5D%5Bdata%5D=name&columns%5B1%5D%5Bname%5D=&columns%5B1%5D%5Bsearchable%5D=true&columns%5B1%5D%5Borderable%5D=true&columns%5B1%5D%5Bsearch%5D%5Bvalue%5D=&columns%5B1%5D%5Bsearch%5D%5Bregex%5D=false&columns%5B2%5D%5Bdata%5D=origine&columns%5B2%5D%5Bname%5D=&columns%5B2%5D%5Bsearchable%5D=true&columns%5B2%5D%5Borderable%5D=true&columns%5B2%5D%5Bsearch%5D%5Bvalue%5D=&columns%5B2%5D%5Bsearch%5D%5Bregex%5D=false&columns%5B3%5D%5Bdata%5D=cible&columns%5B3%5D%5Bname%5D=&columns%5B3%5D%5Bsearchable%5D=true&columns%5B3%5D%5Borderable%5D=true&columns%5B3%5D%5Bsearch%5D%5Bvalue%5D=&columns%5B3%5D%5Bsearch%5D%5Bregex%5D=false&columns%5B4%5D%5Bdata%5D=queue&columns%5B4%5D%5Bname%5D=&columns%5B4%5D%5Bsearchable%5D=true&columns%5B4%5D%5Borderable%5D=true&columns%5B4%5D%5Bsearch%5D%5Bvalue%5D=&columns%5B4%5D%5Bsearch%5D%5Bregex%5D=false&columns%5B5%5D%5Bdata%5D=arrayDest%5B0%5D&columns%5B5%5D%5Bname%5D=&columns%5B5%5D%5Bsearchable%5D=true&columns%5B5%5D%5Borderable%5D=true&columns%5B5%5D%5Bsearch%5D%5Bvalue%5D=&columns%5B5%5D%5Bsearch%5D%5Bregex%5D=false&columns%5B6%5D%5Bdata%5D=type&columns%5B6%5D%5Bname%5D=&columns%5B6%5D%5Bsearchable%5D=true&columns%5B6%5D%5Borderable%5D=true&columns%5B6%5D%5Bsearch%5D%5Bvalue%5D=&columns%5B6%5D%5Bsearch%5D%5Bregex%5D=false&columns%5B7%5D%5Bdata%5D=Actions&columns%5B7%5D%5Bname%5D=&columns%5B7%5D%5Bsearchable%5D=false&columns%5B7%5D%5Borderable%5D=false&columns%5B7%5D%5Bsearch%5D%5Bvalue%5D=&columns%5B7%5D%5Bsearch%5D%5Bregex%5D=false&order%5B0%5D%5Bcolumn%5D=0&order%5B0%5D%5Bdir%5D=asc&start=0&length=10&search%5Bvalue%5D=&search%5Bregex%5D=false&origine=&type=&cible=&queue_in=&queue_out=&worker_name=&_=1558683229708","status":"200","length":"3813","time":"13.345"}
{"date":"2019-05-24T07:34:18.932Z","ip":"::1","method":"GET","url":"/ihm/worker/lister/tableau?draw=2&columns%5B0%5D%5Bdata%5D=id&columns%5B0%5D%5Bname%5D=&columns%5B0%5D%5Bsearchable%5D=true&columns%5B0%5D%5Borderable%5D=true&columns%5B0%5D%5Bsearch%5D%5Bvalue%5D=&columns%5B0%5D%5Bsearch%5D%5Bregex%5D=false&columns%5B1%5D%5Bdata%5D=name&columns%5B1%5D%5Bname%5D=&columns%5B1%5D%5Bsearchable%5D=true&columns%5B1%5D%5Borderable%5D=true&columns%5B1%5D%5Bsearch%5D%5Bvalue%5D=&columns%5B1%5D%5Bsearch%5D%5Bregex%5D=false&columns%5B2%5D%5Bdata%5D=origine&columns%5B2%5D%5Bname%5D=&columns%5B2%5D%5Bsearchable%5D=true&columns%5B2%5D%5Borderable%5D=true&columns%5B2%5D%5Bsearch%5D%5Bvalue%5D=&columns%5B2%5D%5Bsearch%5D%5Bregex%5D=false&columns%5B3%5D%5Bdata%5D=cible&columns%5B3%5D%5Bname%5D=&columns%5B3%5D%5Bsearchable%5D=true&columns%5B3%5D%5Borderable%5D=true&columns%5B3%5D%5Bsearch%5D%5Bvalue%5D=&columns%5B3%5D%5Bsearch%5D%5Bregex%5D=false&columns%5B4%5D%5Bdata%5D=queue&columns%5B4%5D%5Bname%5D=&columns%5B4%5D%5Bsearchable%5D=true&columns%5B4%5D%5Borderable%5D=true&columns%5B4%5D%5Bsearch%5D%5Bvalue%5D=&columns%5B4%5D%5Bsearch%5D%5Bregex%5D=false&columns%5B5%5D%5Bdata%5D=arrayDest%5B0%5D&columns%5B5%5D%5Bname%5D=&columns%5B5%5D%5Bsearchable%5D=true&columns%5B5%5D%5Borderable%5D=true&columns%5B5%5D%5Bsearch%5D%5Bvalue%5D=&columns%5B5%5D%5Bsearch%5D%5Bregex%5D=false&columns%5B6%5D%5Bdata%5D=type&columns%5B6%5D%5Bname%5D=&columns%5B6%5D%5Bsearchable%5D=true&columns%5B6%5D%5Borderable%5D=true&columns%5B6%5D%5Bsearch%5D%5Bvalue%5D=&columns%5B6%5D%5Bsearch%5D%5Bregex%5D=false&columns%5B7%5D%5Bdata%5D=Actions&columns%5B7%5D%5Bname%5D=&columns%5B7%5D%5Bsearchable%5D=false&columns%5B7%5D%5Borderable%5D=false&columns%5B7%5D%5Bsearch%5D%5Bvalue%5D=&columns%5B7%5D%5Bsearch%5D%5Bregex%5D=false&order%5B0%5D%5Bcolumn%5D=0&order%5B0%5D%5Bdir%5D=asc&start=10&length=10&search%5Bvalue%5D=&search%5Bregex%5D=false&origine=&type=&cible=&queue_in=&queue_out=&worker_name=&_=1558683229709","status":"200","length":"870","time":"12.930"}
{"date":"2019-05-24T07:34:21.452Z","ip":"::1","method":"GET","url":"/ihm/worker/lister/tableau?draw=3&columns%5B0%5D%5Bdata%5D=id&columns%5B0%5D%5Bname%5D=&columns%5B0%5D%5Bsearchable%5D=true&columns%5B0%5D%5Borderable%5D=true&columns%5B0%5D%5Bsearch%5D%5Bvalue%5D=&columns%5B0%5D%5Bsearch%5D%5Bregex%5D=false&columns%5B1%5D%5Bdata%5D=name&columns%5B1%5D%5Bname%5D=&columns%5B1%5D%5Bsearchable%5D=true&columns%5B1%5D%5Borderable%5D=true&columns%5B1%5D%5Bsearch%5D%5Bvalue%5D=&columns%5B1%5D%5Bsearch%5D%5Bregex%5D=false&columns%5B2%5D%5Bdata%5D=origine&columns%5B2%5D%5Bname%5D=&columns%5B2%5D%5Bsearchable%5D=true&columns%5B2%5D%5Borderable%5D=true&columns%5B2%5D%5Bsearch%5D%5Bvalue%5D=&columns%5B2%5D%5Bsearch%5D%5Bregex%5D=false&columns%5B3%5D%5Bdata%5D=cible&columns%5B3%5D%5Bname%5D=&columns%5B3%5D%5Bsearchable%5D=true&columns%5B3%5D%5Borderable%5D=true&columns%5B3%5D%5Bsearch%5D%5Bvalue%5D=&columns%5B3%5D%5Bsearch%5D%5Bregex%5D=false&columns%5B4%5D%5Bdata%5D=queue&columns%5B4%5D%5Bname%5D=&columns%5B4%5D%5Bsearchable%5D=true&columns%5B4%5D%5Borderable%5D=true&columns%5B4%5D%5Bsearch%5D%5Bvalue%5D=&columns%5B4%5D%5Bsearch%5D%5Bregex%5D=false&columns%5B5%5D%5Bdata%5D=arrayDest%5B0%5D&columns%5B5%5D%5Bname%5D=&columns%5B5%5D%5Bsearchable%5D=true&columns%5B5%5D%5Borderable%5D=true&columns%5B5%5D%5Bsearch%5D%5Bvalue%5D=&columns%5B5%5D%5Bsearch%5D%5Bregex%5D=false&columns%5B6%5D%5Bdata%5D=type&columns%5B6%5D%5Bname%5D=&columns%5B6%5D%5Bsearchable%5D=true&columns%5B6%5D%5Borderable%5D=true&columns%5B6%5D%5Bsearch%5D%5Bvalue%5D=&columns%5B6%5D%5Bsearch%5D%5Bregex%5D=false&columns%5B7%5D%5Bdata%5D=Actions&columns%5B7%5D%5Bname%5D=&columns%5B7%5D%5Bsearchable%5D=false&columns%5B7%5D%5Borderable%5D=false&columns%5B7%5D%5Bsearch%5D%5Bvalue%5D=&columns%5B7%5D%5Bsearch%5D%5Bregex%5D=false&order%5B0%5D%5Bcolumn%5D=0&order%5B0%5D%5Bdir%5D=asc&start=0&length=10&search%5Bvalue%5D=&search%5Bregex%5D=false&origine=&type=&cible=&queue_in=&queue_out=&worker_name=&_=1558683229710","status":"200","length":"3813","time":"10.872"}
{"date":"2019-05-24T12:03:28.370Z","ip":"::1","method":"GET","url":"/ihm/worker/lister","status":"304","length":"-","time":"59.966"}
{"date":"2019-05-24T12:03:28.491Z","ip":"::1","method":"GET","url":"/ihm/worker/lister/tableau?draw=1&columns%5B0%5D%5Bdata%5D=id&columns%5B0%5D%5Bname%5D=&columns%5B0%5D%5Bsearchable%5D=true&columns%5B0%5D%5Borderable%5D=true&columns%5B0%5D%5Bsearch%5D%5Bvalue%5D=&columns%5B0%5D%5Bsearch%5D%5Bregex%5D=false&columns%5B1%5D%5Bdata%5D=name&columns%5B1%5D%5Bname%5D=&columns%5B1%5D%5Bsearchable%5D=true&columns%5B1%5D%5Borderable%5D=true&columns%5B1%5D%5Bsearch%5D%5Bvalue%5D=&columns%5B1%5D%5Bsearch%5D%5Bregex%5D=false&columns%5B2%5D%5Bdata%5D=origine&columns%5B2%5D%5Bname%5D=&columns%5B2%5D%5Bsearchable%5D=true&columns%5B2%5D%5Borderable%5D=true&columns%5B2%5D%5Bsearch%5D%5Bvalue%5D=&columns%5B2%5D%5Bsearch%5D%5Bregex%5D=false&columns%5B3%5D%5Bdata%5D=cible&columns%5B3%5D%5Bname%5D=&columns%5B3%5D%5Bsearchable%5D=true&columns%5B3%5D%5Borderable%5D=true&columns%5B3%5D%5Bsearch%5D%5Bvalue%5D=&columns%5B3%5D%5Bsearch%5D%5Bregex%5D=false&columns%5B4%5D%5Bdata%5D=queue&columns%5B4%5D%5Bname%5D=&columns%5B4%5D%5Bsearchable%5D=true&columns%5B4%5D%5Borderable%5D=true&columns%5B4%5D%5Bsearch%5D%5Bvalue%5D=&columns%5B4%5D%5Bsearch%5D%5Bregex%5D=false&columns%5B5%5D%5Bdata%5D=arrayDest%5B0%5D&columns%5B5%5D%5Bname%5D=&columns%5B5%5D%5Bsearchable%5D=true&columns%5B5%5D%5Borderable%5D=true&columns%5B5%5D%5Bsearch%5D%5Bvalue%5D=&columns%5B5%5D%5Bsearch%5D%5Bregex%5D=false&columns%5B6%5D%5Bdata%5D=type&columns%5B6%5D%5Bname%5D=&columns%5B6%5D%5Bsearchable%5D=true&columns%5B6%5D%5Borderable%5D=true&columns%5B6%5D%5Bsearch%5D%5Bvalue%5D=&columns%5B6%5D%5Bsearch%5D%5Bregex%5D=false&columns%5B7%5D%5Bdata%5D=Actions&columns%5B7%5D%5Bname%5D=&columns%5B7%5D%5Bsearchable%5D=false&columns%5B7%5D%5Borderable%5D=false&columns%5B7%5D%5Bsearch%5D%5Bvalue%5D=&columns%5B7%5D%5Bsearch%5D%5Bregex%5D=false&order%5B0%5D%5Bcolumn%5D=0&order%5B0%5D%5Bdir%5D=asc&start=0&length=10&search%5Bvalue%5D=&search%5Bregex%5D=false&origine=&type=&cible=&queue_in=&queue_out=&worker_name=&_=1558683229711","status":"200","length":"3813","time":"14.495"}
